0 info it worked if it ends with ok
1 verbose cli [ '/Users/nariyu/.nodebrew/node/v0.10.29/bin/node',
1 verbose cli   '/Users/nariyu/.nodebrew/current/bin/npm',
1 verbose cli   'publish' ]
2 info using npm@1.4.14
3 info using node@v0.10.29
4 verbose publish [ '.' ]
5 verbose cache add [ '.', null ]
6 verbose cache add name=undefined spec="." args=[".",null]
7 verbose parsed url { protocol: null,
7 verbose parsed url   slashes: null,
7 verbose parsed url   auth: null,
7 verbose parsed url   host: null,
7 verbose parsed url   port: null,
7 verbose parsed url   hostname: null,
7 verbose parsed url   hash: null,
7 verbose parsed url   search: null,
7 verbose parsed url   query: null,
7 verbose parsed url   pathname: '.',
7 verbose parsed url   path: '.',
7 verbose parsed url   href: '.' }
8 silly lockFile 3a52ce78- .
9 verbose lock . /Users/nariyu/.npm/3a52ce78-.lock
10 verbose tar pack [ '/Users/nariyu/.npm/tempura/0.1.0/package.tgz', '.' ]
11 verbose tarball /Users/nariyu/.npm/tempura/0.1.0/package.tgz
12 verbose folder .
13 info prepublish tempura@0.1.0
14 silly lockFile 1f1177db-tar tar://.
15 verbose lock tar://. /Users/nariyu/.npm/1f1177db-tar.lock
16 silly lockFile a3e82ee1-yu-npm-tempura-0-1-0-package-tgz tar:///Users/nariyu/.npm/tempura/0.1.0/package.tgz
17 verbose lock tar:///Users/nariyu/.npm/tempura/0.1.0/package.tgz /Users/nariyu/.npm/a3e82ee1-yu-npm-tempura-0-1-0-package-tgz.lock
18 silly lockFile 1f1177db-tar tar://.
19 silly lockFile 1f1177db-tar tar://.
20 silly lockFile a3e82ee1-yu-npm-tempura-0-1-0-package-tgz tar:///Users/nariyu/.npm/tempura/0.1.0/package.tgz
21 silly lockFile a3e82ee1-yu-npm-tempura-0-1-0-package-tgz tar:///Users/nariyu/.npm/tempura/0.1.0/package.tgz
22 silly lockFile bff3f133-nariyu-npm-tempura-0-1-0-package /Users/nariyu/.npm/tempura/0.1.0/package
23 verbose lock /Users/nariyu/.npm/tempura/0.1.0/package /Users/nariyu/.npm/bff3f133-nariyu-npm-tempura-0-1-0-package.lock
24 silly lockFile bff3f133-nariyu-npm-tempura-0-1-0-package /Users/nariyu/.npm/tempura/0.1.0/package
25 silly lockFile bff3f133-nariyu-npm-tempura-0-1-0-package /Users/nariyu/.npm/tempura/0.1.0/package
26 silly lockFile 3a52ce78- .
27 silly lockFile 3a52ce78- .
28 silly publish { name: 'tempura',
28 silly publish   version: '0.1.0',
28 silly publish   description: 'Template engine with data-binding.',
28 silly publish   main: 'dist/tenpu.js',
28 silly publish   scripts: { test: 'echo "Error: no test specified" && exit 1' },
28 silly publish   repository: { type: 'git', url: 'git@github.com:nariyu/tenpu.git' },
28 silly publish   keywords: [ 'template' ],
28 silly publish   author: { name: 'nariyu' },
28 silly publish   license: 'MIT',
28 silly publish   bugs: { url: 'https://github.com/nariyu/tenpu/issues' },
28 silly publish   homepage: 'https://github.com/nariyu/tenpu',
28 silly publish   devDependencies:
28 silly publish    { 'coffee-script': '^1.7.1',
28 silly publish      gulp: '^3.8.6',
28 silly publish      'gulp-clean': '^0.3.1',
28 silly publish      'gulp-coffee': '^2.1.1',
28 silly publish      'gulp-open': '^0.2.8',
28 silly publish      'gulp-rename': '^1.2.0',
28 silly publish      'gulp-uglify': '^0.3.1',
28 silly publish      'gulp-watch': '^0.6.8',
28 silly publish      'gulp-webserver': '^0.4.0',
28 silly publish      'run-sequence': '^0.3.6' },
28 silly publish   dependencies: { jquery: '^1.11.1', lodash: '^2.4.1' },
28 silly publish   readme: '# Tempura\n\nTempura is a template engine with data-binding.\n\n[![Build Status](https://travis-ci.org/nariyu/tempura.svg?branch=master)](https://travis-ci.org/nariyu/tempura)\n\nDependencies: jQuery, Lodash\n\nSupported event trigger: Object.observe(), EventEmitter, addListener\n\n## Install\n\n### Bower\n\n```\n$ bower install tempura -S\n```\n\n### npm\n\n```\n$ npm install tempura --save\n```\n\n## USAGE\n\n### Example (Basic)\n\n```html\n<script src="bower_components/jquery/dist/jquery.min.js"></script>\n<script src="bower_components/lodash/dist/lodash.min.js"></script>\n<script src="bower_components/tempura/dist/tempura.min.js"></script>\n\n<div id="module">\n  <p>NAME: <span data-bind-text="name"></span></p>\n  <ul data-bind-foreach="dependencies">\n    <li><a data-bind-attr="{href: url}" data-bind-text="name"></li>\n  </ul>\n</div>\n```\n\n```javascript\nvar module = {\n  name: "tempura",\n  dependencies: [\n    { name: "jquery", url: "http://jquery.com/" },\n    { name: "lodash", url: "http://lodash.com/" }\n  ]\n};\n\nTempura.bind("#module", module);\n```\n\n### Example (Browserify)\n```javascript\nvar Tempura = require("tempura");\n\nvar user = {\n  name: "John"\n};\n\nTempura.bind("#user", user);\n```\n\n[More examples is here!](https://github.com/nariyu/tempura/tree/master/examples)\n\n\n## License\nCopyright (c) 2014 Yusuke Narita\nLicensed under the MIT license.\n',
28 silly publish   readmeFilename: 'README.md',
28 silly publish   gitHead: 'e06c436f1ee7593cf803aaad2a809bb12fea5e98',
28 silly publish   _id: 'tempura@0.1.0',
28 silly publish   _shasum: 'ceb9f9bd442eed4f7c43659081f00bca7621d464',
28 silly publish   _from: '.' }
29 verbose url raw tempura
30 verbose url resolving [ 'https://registry.npmjs.org/', './tempura' ]
31 verbose url resolved https://registry.npmjs.org/tempura
32 info trying registry request attempt 1 at 10:55:23
33 http PUT https://registry.npmjs.org/tempura
34 http 403 https://registry.npmjs.org/tempura
35 verbose headers { date: 'Thu, 24 Jul 2014 01:55:20 GMT',
35 verbose headers   server: 'CouchDB/1.5.0 (Erlang OTP/R14B04)',
35 verbose headers   'content-type': 'application/json',
35 verbose headers   'cache-control': 'max-age=60',
35 verbose headers   'content-length': '8857',
35 verbose headers   'accept-ranges': 'bytes',
35 verbose headers   via: '1.1 varnish',
35 verbose headers   'x-served-by': 'cache-ty67-TYO',
35 verbose headers   'x-cache': 'MISS',
35 verbose headers   'x-cache-hits': '0',
35 verbose headers   'x-timer': 'S1406166919.941933,VS0,VE487',
35 verbose headers   'keep-alive': 'timeout=10, max=50',
35 verbose headers   connection: 'Keep-Alive' }
36 error publish Failed PUT 403
37 error Error: forbidden user: nariyu not authorized to modify tempura
37 error Changed: description "simple templating library in javascript." -> "Template engine with data-binding."
37 error Changed: dist-tags.latest "0.0.4" -> "0.1.0"
37 error Added: versions.0.1.0
37 error Changed: readme "tempura — simple templating library in javascript\u000a=================================================\u000a\u000atempura is templating library inspired by [mustache.js](http://github.com/janl/mustache.js) and \u000a[tempo](https://github.com/twigkit/tempo).\u000a\u000aSome features are similar with mustache.js.\u000a\u000a> Usage\u000a\u000aBelow is quick example how to use tempura:\u000a\u000a```js\u000avar data = {\u000a  name: 'Joe',\u000a  calc: function () {\u000a    return 200 + 4000;\u000a  }\u000a};\u000avar tmpl = '{{name}} spends {{calc}}';\u000avar result = tempura.prepare(tmpl).render(data);\u000a\u000aconsole.log(result); // Joe spends 4200\u000a```\u000a\u000aSee [jsfiddle](http://jsfiddle.net/nakamura_to/MbEJw/).\u000a\u000aDifferences Between tempura and mustache.js\u000a-------------------------------------------\u000a\u000a### Pipeline Processing\u000a\u000aThe most unique feature in tempura is the pipeline processing. \u000aThis feature is useful for formatting and coversion.\u000a\u000a```js\u000avar data = {\u000a  name: 'Joe',\u000a  calc: function () {\u000a    return 200 + 4000;\u000a  },\u000a  dollar: function (value) {\u000a    var regex = /(\\d+)(\\d{3})/;\u000a    var s = String(value);\u000a    while (s.match(regex)) {\u000a      s = s.replace(regex, '$1' + ',' + '$2');\u000a    }\u000a    return '$' + s;\u000a  }\u000a};\u000avar tmpl = '{{name}} spends {{calc|dollar}}';\u000avar result = tempura.prepare(tmpl).render(data);\u000a\u000aconsole.log(result); // Joe spends $4,200\u000a```\u000a\u000aSee [jsfiddle](http://jsfiddle.net/nakamura_to/SSxmz/).\u000a\u000aMore than one pipe function are available.\u000a\u000a```js\u000avar data = {\u000a  name: 'Joe',\u000a  yeah: function (value) {\u000a    return value + '!';\u000a  },\u000a  enclose: function (value) {\u000a    return '[' + value + ']';\u000a  }\u000a};\u000avar tmpl = '{{name|yeah|enclose}}';\u000avar result = tempura.prepare(tmpl).render(data);\u000a\u000aconsole.log(result); // [Joe!]\u000a```\u000a\u000aSee [jsfiddle](http://jsfiddle.net/nakamura_to/6XHqU/).\u000a\u000aYou can define global pipe functions.\u000a\u000a```js\u000atempura.mergeSettings({\u000a  pipes: {\u000a    yeah: function (value) {\u000a      return value + '!';\u000a    },\u000a    enclose: function (value) {\u000a      return '[' + value + ']';\u000a    }\u000a  }\u000a});\u000a\u000avar data = { name: 'Joe' };\u000avar tmpl = '{{name|yeah|enclose}}';\u000avar result = tempura.prepare(tmpl).render(data);\u000a\u000aconsole.log(result); // [Joe!]\u000a```\u000a\u000aSee [jsfiddle](http://jsfiddle.net/nakamura_to/JFJkD/).\u000a\u000a### Data Context Access\u000a\u000atempura provides following special identifiers to access data context. \u000a\u000a* $root : the reference to the root data context\u000a* $parent : the reference to the parent data context\u000a* $this : the reference to the current object\u000a\u000aGiven this object:\u000a\u000a```js\u000avar data = {\u000a  rootName: 'root',\u000a  parent: {\u000a    parentName: 'parent',\u000a      children: [\u000a        'child 1',\u000a        'child 2'\u000a      ]\u000a    },\u000a};\u000a```\u000a\u000aAnd this template:\u000a\u000a```html\u000a<ul>\u000a{{#parent}} \u000a  {{#children}}\u000a  <li>{{$root.rootName}}/{{$parent.parentName}}/{{$this}}</li>\u000a  {{/children}}\u000a{{/parent}}\u000a</ul>\u000a```\u000a\u000aWe'll get this output:\u000a\u000a```html\u000a<ul>\u000a  <li>root/parent/child 1</li>\u000a  <li>root/parent/child 2</li>\u000a</ul>\u000a```\u000a\u000aSee [jsfiddle](http://jsfiddle.net/nakamura_to/hvQk8/).\u000a\u000aYou can also use special identifiers in a function.\u000a\u000a```js\u000avar data = {\u000a  rootName: 'root',\u000a  parent: {\u000a    parentName: 'parent',\u000a    child: {\u000a      childName: 'child',\u000a      path: function () {\u000a        return [this.$root.rootName,\u000a                this.$parent.parentName,\u000a                this.childName].join('/');\u000a      }\u000a    }\u000a  },\u000a};\u000avar tmpl = 'path: {{parent.child.path}}';\u000avar result = tempura.prepare(tmpl).render(data);\u000a\u000aconsole.log(result); // path: root/parent/child\u000a```\u000a\u000aSee [jsfiddle](http://jsfiddle.net/nakamura_to/TNNey/).\u000a\u000a### Error Handling\u000a\u000atempura can handle the value missings.\u000aThis feature is useful for debugging.\u000a\u000a```js\u000atempura.mergeSettings({\u000a  noSuchValue: function (name) {\u000a    console.warn('the value \"' + name + '\" is missing');\u000a    return undefined;\u000a  },\u000a  noSuchPipe: function (name, index, value) {\u000a    console.warn('the pipe \"' + name + '\" is missing');\u000a    return value;\u000a  }\u000a});\u000a\u000avar data = { name: 'Joe' };\u000avar tmpl = '{{name|unknownPipe1}} is {{unkonwnValue|unknownPipe2}}';\u000avar result = tempura.prepare(tmpl).render(data);\u000a\u000aconsole.log(result); // Joe is\u000a```\u000a\u000aSee [jsfiddle](http://jsfiddle.net/nakamura_to/GrNXg/).\u000a\u000atempura provides a hook point to handle all values before and after applying pipeline functions.\u000aIt's means you can check or convert erroneous values.\u000a(By the way, tempura converts undefined values to empty string by default preRender function.)\u000a\u000a```js\u000atempura.mergeSettings({\u000a  preRender: function (value, pipe) {\u000a    var result = pipe(value);\u000a    return result === null ? '***' : result;\u000a  }\u000a});\u000a\u000avar data = { name: null };\u000avar tmpl = 'name is {{name}}';\u000avar result = tempura.prepare(tmpl).render(data);\u000a\u000aconsole.log(result); // name is ***\u000a```\u000a\u000aSee [jsfiddle](http://jsfiddle.net/nakamura_to/FWLrj/).\u000a\u000a### Others\u000a\u000aCurrently, tempura doesn't support following features, which mustache.js has:\u000a\u000a* Higher Order Sections\u000a* View Partials\u000a* Streaming\u000a* Pragmas" -> "# Tempura\u000a\u000aTempura is a template engine with data-binding.\u000a\u000a[![Build Status](https://travis-ci.org/nariyu/tempura.svg?branch=master)](https://travis-ci.org/nariyu/tempura)\u000a\u000aDependencies: jQuery, Lodash\u000a\u000aSupported event trigger: Object.observe(), EventEmitter, addListener\u000a\u000a## Install\u000a\u000a### Bower\u000a\u000a```\u000a$ bower install tempura -S\u000a```\u000a\u000a### npm\u000a\u000a```\u000a$ npm install tempura --save\u000a```\u000a\u000a## USAGE\u000a\u000a### Example (Basic)\u000a\u000a```html\u000a<script src=\"bower_components/jquery/dist/jquery.min.js\"></script>\u000a<script src=\"bower_components/lodash/dist/lodash.min.js\"></script>\u000a<script src=\"bower_components/tempura/dist/tempura.min.js\"></script>\u000a\u000a<div id=\"module\">\u000a  <p>NAME: <span data-bind-text=\"name\"></span></p>\u000a  <ul data-bind-foreach=\"dependencies\">\u000a    <li><a data-bind-attr=\"{href: url}\" data-bind-text=\"name\"></li>\u000a  </ul>\u000a</div>\u000a```\u000a\u000a```javascript\u000avar module = {\u000a  name: \"tempura\",\u000a  dependencies: [\u000a    { name: \"jquery\", url: \"http://jquery.com/\" },\u000a    { name: \"lodash\", url: \"http://lodash.com/\" }\u000a  ]\u000a};\u000a\u000aTempura.bind(\"#module\", module);\u000a```\u000a\u000a### Example (Browserify)\u000a```javascript\u000avar Tempura = require(\"tempura\");\u000a\u000avar user = {\u000a  name: \"John\"\u000a};\u000a\u000aTempura.bind(\"#user\", user);\u000a```\u000a\u000a[More examples is here!](https://github.com/nariyu/tempura/tree/master/examples)\u000a\u000a\u000a## License\u000aCopyright (c) 2014 Yusuke Narita\u000aLicensed under the MIT license.\u000a"
37 error Changed: time.modified "2012-01-03T11:09:05.385Z" -> "2014-07-24T01:54:25.332Z"
37 error Added: time.0.1.0
37 error Changed: author.name "Toshihiro Nakamura" -> "nariyu"
37 error Deleted: author.email
37 error Changed: repository.url "git@github.com:nakamura-to/tempura.git" -> "git@github.com:nariyu/tenpu.git"
37 error Changed: readmeFilename "" -> "README.md"
37 error Changed: homepage "http://nakamura-to.github.com/tempura/" -> "https://github.com/nariyu/tenpu"
37 error Deleted: keywords.1
37 error Deleted: contributors
37 error Added: bugs
37 error Added: license
37 error Added: _attachments: tempura
37 error     at RegClient.<anonymous> (/Users/nariyu/.nodebrew/node/v0.10.29/lib/node_modules/npm/node_modules/npm-registry-client/lib/request.js:274:14)
37 error     at Request._callback (/Users/nariyu/.nodebrew/node/v0.10.29/lib/node_modules/npm/node_modules/npm-registry-client/lib/request.js:212:65)
37 error     at Request.self.callback (/Users/nariyu/.nodebrew/node/v0.10.29/lib/node_modules/npm/node_modules/request/request.js:123:22)
37 error     at Request.emit (events.js:98:17)
37 error     at Request.<anonymous> (/Users/nariyu/.nodebrew/node/v0.10.29/lib/node_modules/npm/node_modules/request/request.js:893:14)
37 error     at Request.emit (events.js:117:20)
37 error     at IncomingMessage.<anonymous> (/Users/nariyu/.nodebrew/node/v0.10.29/lib/node_modules/npm/node_modules/request/request.js:844:12)
37 error     at IncomingMessage.emit (events.js:117:20)
37 error     at _stream_readable.js:929:16
37 error     at process._tickCallback (node.js:419:13)
38 error If you need help, you may report this *entire* log,
38 error including the npm and node versions, at:
38 error     <http://github.com/npm/npm/issues>
39 error System Darwin 14.0.0
40 error command "/Users/nariyu/.nodebrew/node/v0.10.29/bin/node" "/Users/nariyu/.nodebrew/current/bin/npm" "publish"
41 error cwd /Users/nariyu/Dropbox/Projects/tempura
42 error node -v v0.10.29
43 error npm -v 1.4.14
44 verbose exit [ 1, true ]
